[ClassOrInterfaceDeclaration ::= ManyModifier93·InterfaceDeclaration, 26, 26, 26]
[ClassOrInterfaceDeclaration ::= ManyModifier65·ClassDeclaration, 26, 26, 26]
[CompilationUnit ::= MaybeMaybeAnnotations56packageQualifiedIdentifier;72ManyImportDeclaration88ManyTypeDeclaration19·, 0, 0, 26]
[ManyTypeDeclaration19 ::= ·, 26, 26, 26]
[ManyTypeDeclaration19 ::= TypeDeclarationManyTypeDeclaration19·, 0, 26, 26]
[ManyTypeDeclaration19 ::= TypeDeclaration·ManyTypeDeclaration19, 0, 0, 26]
[ClassOrInterfaceDeclaration ::= ManyModifier65ClassDeclaration·, 0, 1, 26]
[ClassDeclaration ::= NormalClassDeclaration·, 1, 1, 26]
[ClassBodyDeclaration ::= ManyModifier59·MemberDecl, 25, 25, 25]
[ClassBody ::= OPEN_BRACEManyClassBodyDeclaration43·CLOSE_BRACE, 3, 4, 25]
[ManyClassBodyDeclaration43 ::= ClassBodyDeclarationManyClassBodyDeclaration43·, 4, 25, 25]
[BlockSemi ::= Block·, 14, 14, 25]
[Block ::= OPEN_BRACEBlockStatementsCLOSE_BRACE·, 14, 24, 25]
[ClassOrInterfaceDeclaration ::= ManyModifier65·ClassDeclaration, 24, 24, 24]
[Expression3 ::= PrimaryManySelector89·ManyPostfixOp56, 15, 16, 23]
[ManyVariableModifier18 ::= ·, 24, 24, 24]
[LocalVariableDeclarationStatement ::= ManyVariableModifier18·TypeVariableDeclarators;, 24, 24, 24]
[MaybeIdentifierCOLON4 ::= ·, 24, 24, 24]
[BlockStatement ::= MaybeIdentifierCOLON4·Statement, 24, 24, 24]
[Block ::= OPEN_BRACEBlockStatements·CLOSE_BRACE, 14, 15, 24]
[ManySelector89 ::= SelectorManySelector89·, 16, 18, 23]
[ManySelector89 ::= SelectorManySelector89·, 18, 23, 23]
[ManyBlockStatement58 ::= BlockStatementManyBlockStatement58·, 15, 24, 24]
[ManyModifier65 ::= ·, 26, 26, 26]
[ManyBlockStatement58 ::= BlockStatement·ManyBlockStatement58, 15, 15, 24]
[Statement ::= StatementExpression;·, 15, 23, 24]
[Statement ::= StatementExpression·;, 15, 15, 23]
[ClassBody ::= OPEN_BRACEManyClassBodyDeclaration43CLOSE_BRACE·, 3, 25, 26]
[Selector ::= .IdentifierMaybeArguments19·, 18, 20, 23]
[StatementExpression ::= Expression·, 15, 15, 23]
[MaybeAssignmentOperatorExpression126 ::= ·, 23, 23, 23]
[Expression3 ::= PrimaryManySelector89·ManyPostfixOp56, 15, 18, 23]
[MaybeArguments19 ::= Arguments·, 20, 20, 23]
[Expression1 ::= Expression2MaybeExpression1Rest53·, 15, 23, 23]
[Expression1 ::= Expression2·MaybeExpression1Rest53, 15, 15, 23]
[MaybeExpression2Rest63 ::= ·, 23, 23, 23]
[Expression2 ::= Expression3MaybeExpression2Rest63·, 15, 23, 23]
[Expression2 ::= Expression3·MaybeExpression2Rest63, 15, 15, 23]
[ManyPostfixOp56 ::= ·, 23, 23, 23]
[Expression3 ::= PrimaryManySelector89ManyPostfixOp56·, 15, 23, 23]
[Expression3 ::= PrimaryManySelector89·ManyPostfixOp56, 15, 23, 23]
[MaybeIdentifierSuffix5 ::= IdentifierSuffix·, 20, 20, 23]
[Arguments ::= OPEN_PARENMaybeExpressionMany,Expression743CLOSE_PAREN·, 20, 22, 23]
[Expression3 ::= PrimaryManySelector89·ManyPostfixOp56, 15, 16, 20]
[ManyInfixOpExpression363 ::= ·, 23, 23, 23]
[MaybeAssignmentOperatorExpression126 ::= ·, 22, 22, 22]
[Expression ::= Expression1MaybeAssignmentOperatorExpression126·, 21, 22, 22]
[ManySelector89 ::= SelectorManySelector89·, 16, 18, 20]
[Expression ::= Expression1·MaybeAssignmentOperatorExpression126, 21, 21, 22]
[MaybeExpression1Rest53 ::= ·, 22, 22, 22]
[MaybeExpression2Rest63 ::= Expression2Rest·, 22, 22, 22]
[Expression1 ::= Expression2·MaybeExpression1Rest53, 21, 21, 22]
[Many.Identifier13 ::= ·, 16, 16, 16]
[Primary ::= IdentifierMany.Identifier13·MaybeIdentifierSuffix5, 15, 16, 16]
[NormalClassDeclaration ::= classIdentifierMaybeTypeParameters93MaybeextendsType41·MaybeimplementsTypeList52ClassBody, 1, 3, 3]
[FormalParameterDecls ::= ManyVariableModifier69Type·FormalParameterDeclsRest, 9, 9, 12]
[Many.Identifier13 ::= .·IdentifierMany.Identifier13, 16, 16, 17]
[LocalVariableDeclarationStatement ::= ManyVariableModifier18Type·VariableDeclarators;, 15, 15, 18]
[Type ::= ReferenceType·ManyOPEN_BRACKETCLOSE_BRACKET90, 15, 15, 18]
[NormalClassDeclaration ::= classIdentifierMaybeTypeParameters93·MaybeextendsType41MaybeimplementsTypeList52ClassBody, 1, 3, 3]
[ManyVariableModifier18 ::= ·, 15, 15, 15]
[Many.Identifier13 ::= .IdentifierMany.Identifier13·, 16, 18, 18]
[Primary ::= IdentifierMany.Identifier13·MaybeIdentifierSuffix5, 15, 16, 20]
[Primary ::= Identifier·Many.Identifier13MaybeIdentifierSuffix5, 15, 15, 16]
[Primary ::= Literal·, 21, 21, 22]
[Many.IdentifierMaybeTypeArguments9257 ::= .IdentifierMaybeTypeArguments92Many.IdentifierMaybeTypeArguments9257·, 16, 18, 18]
[Arguments ::= OPEN_PAREN·MaybeExpressionMany,Expression743CLOSE_PAREN, 20, 20, 21]
[MaybeTypeArguments92 ::= ·, 18, 18, 18]
[MaybeExpressionMany,Expression743 ::= Expression·Many,Expression7, 21, 21, 22]
[Many.IdentifierMaybeTypeArguments9257 ::= .·IdentifierMaybeTypeArguments92Many.IdentifierMaybeTypeArguments9257, 18, 18, 19]
[ClassOrInterfaceDeclaration ::= ManyModifier65·ClassDeclaration, 0, 0, 1]
[MaybeTypeArguments92 ::= ·, 20, 20, 20]
[BlockStatements ::= ManyBlockStatement58·, 15, 15, 24]
[Many.IdentifierMaybeTypeArguments9257 ::= .IdentifierMaybeTypeArguments92·Many.IdentifierMaybeTypeArguments9257, 16, 18, 18]
[Primary ::= IdentifierMany.Identifier13MaybeIdentifierSuffix5·, 15, 20, 23]
[IdentifierSuffix ::= .·ExplicitGenericInvocation, 18, 18, 19]
[ManyClassBodyDeclaration43 ::= ClassBodyDeclaration·ManyClassBodyDeclaration43, 4, 4, 25]
[MaybeExpression1Rest53 ::= ·, 23, 23, 23]
[Many.IdentifierMaybeTypeArguments9257 ::= .Identifier·MaybeTypeArguments92Many.IdentifierMaybeTypeArguments9257, 16, 17, 18]
[Identifier ::= IDENTIFIER·, 17, 17, 18]
[ReferenceType ::= IdentifierMaybeTypeArguments5Many.IdentifierMaybeTypeArguments9257·, 15, 16, 18]
[ManyModifier59 ::= ModifierManyModifier59·, 5, 6, 6]
[Many.IdentifierMaybeTypeArguments9257 ::= ·, 16, 16, 16]
[Statement ::= StatementExpression·;, 15, 15, 20]
[Many.IdentifierMaybeTypeArguments9257 ::= .·IdentifierMaybeTypeArguments92Many.IdentifierMaybeTypeArguments9257, 16, 16, 17]
[Expression1 ::= Expression2MaybeExpression1Rest53·, 21, 22, 22]
[Expression2Rest ::= ManyInfixOpExpression363·, 18, 18, 18]
[MemberDecl ::= voidIdentifierVoidMethodDeclaratorRest·, 6, 8, 25]
[Statement ::= Identifier·COLONStatement, 15, 15, 16]
[ManySelector89 ::= ·, 23, 23, 23]
[ReferenceType ::= Identifier·MaybeTypeArguments5Many.IdentifierMaybeTypeArguments9257, 15, 15, 16]
[LocalVariableDeclarationStatement ::= ManyVariableModifier18·TypeVariableDeclarators;, 15, 15, 15]
[Expression2 ::= Expression3·MaybeExpression2Rest63, 15, 15, 18]
[BlockStatement ::= MaybeIdentifierCOLON4·Statement, 15, 15, 15]
[ManySelector89 ::= Selector·ManySelector89, 18, 18, 23]
[ClassOrInterfaceDeclaration ::= ManyModifier93·InterfaceDeclaration, 15, 15, 15]
[ManyTypeDeclaration19 ::= ·, 0, 0, 0]
[Modifier ::= public·, 0, 0, 1]
[IdentifierSuffix ::= .·newMaybeNonWildcardTypeArguments63InnerCreator, 18, 18, 19]
[Block ::= OPEN_BRACEBlockStatements·CLOSE_BRACE, 14, 15, 15]
[START ::= CompilationUnit·, 0, 0, 0]
[Identifier ::= IDENTIFIER·, 9, 9, 10]
[Type ::= ReferenceType·ManyOPEN_BRACKETCLOSE_BRACKET90, 15, 15, 16]
[MaybeimplementsTypeList52 ::= ·, 3, 3, 3]
[FormalParameterDeclsRest ::= VariableDeclaratorId·Maybe,FormalParameterDecls40, 12, 12, 13]
[ManyOPEN_BRACKETCLOSE_BRACKET64 ::= ·, 13, 13, 13]
[VariableDeclaratorId ::= IdentifierManyOPEN_BRACKETCLOSE_BRACKET64·, 12, 13, 13]
[Expression ::= Expression1·MaybeAssignmentOperatorExpression126, 15, 15, 23]
[VariableDeclaratorId ::= Identifier·ManyOPEN_BRACKETCLOSE_BRACKET64, 12, 12, 13]
[Expression2Rest ::= ManyInfixOpExpression363·, 23, 23, 23]
[Identifier ::= IDENTIFIER·, 12, 12, 13]
[Selector ::= .·IdentifierMaybeArguments19, 16, 16, 17]
[Type ::= ReferenceTypeManyOPEN_BRACKETCLOSE_BRACKET90·, 9, 10, 12]
[Many.IdentifierMaybeTypeArguments9257 ::= ·, 10, 10, 10]
[MaybeExpression2Rest63 ::= Expression2Rest·, 16, 16, 16]
[ReferenceType ::= IdentifierMaybeTypeArguments5Many.IdentifierMaybeTypeArguments9257·, 9, 10, 10]
[ReferenceType ::= IdentifierMaybeTypeArguments5·Many.IdentifierMaybeTypeArguments9257, 9, 10, 10]
[MaybeTypeParameters93 ::= ·, 3, 3, 3]
[Many.Identifier13 ::= .IdentifierMany.Identifier13·, 16, 18, 20]
[IdentifierSuffix ::= .·this, 16, 16, 17]
[MaybeMaybeAnnotations56packageQualifiedIdentifier;72 ::= ·, 0, 0, 0]
[Identifier ::= IDENTIFIER·, 2, 2, 3]
[Expression ::= Expression1·MaybeAssignmentOperatorExpression126, 15, 15, 18]
[Expression2 ::= Expression3·MaybeExpression2Rest63, 15, 15, 16]
[Identifier ::= IDENTIFIER·, 19, 19, 20]
[Type ::= ReferenceType·ManyOPEN_BRACKETCLOSE_BRACKET90, 9, 9, 10]
[ReferenceType ::= IdentifierMaybeTypeArguments5Many.IdentifierMaybeTypeArguments9257·, 15, 16, 16]
[MemberDecl ::= voidIdentifier·VoidMethodDeclaratorRest, 6, 7, 8]
[ManyModifier65 ::= ·, 0, 0, 0]
[NormalClassDeclaration ::= class·IdentifierMaybeTypeParameters93MaybeextendsType41MaybeimplementsTypeList52ClassBody, 1, 1, 2]
[Maybe,FormalParameterDecls40 ::= ·, 13, 13, 13]
[Expression3 ::= PrimaryManySelector89·ManyPostfixOp56, 15, 18, 20]
[ReferenceType ::= Identifier·MaybeTypeArguments5Many.IdentifierMaybeTypeArguments9257, 9, 9, 10]
[ManyOPEN_BRACKETCLOSE_BRACKET90 ::= OPEN_BRACKET·CLOSE_BRACKETManyOPEN_BRACKETCLOSE_BRACKET90, 10, 10, 11]
[MaybeFormalParameterDecls79 ::= FormalParameterDecls·, 9, 9, 13]
[ManySelector89 ::= ·, 22, 22, 22]
[ManyModifier59 ::= Modifier·ManyModifier59, 4, 4, 5]
[MaybeExpressionMany,Expression743 ::= ExpressionMany,Expression7·, 21, 22, 22]
[Many.IdentifierMaybeTypeArguments9257 ::= .IdentifierMaybeTypeArguments92Many.IdentifierMaybeTypeArguments9257·, 16, 18, 20]
[ClassOrInterfaceDeclaration ::= ManyModifier93·InterfaceDeclaration, 0, 0, 1]
[MaybeMaybeAnnotations56packageQualifiedIdentifier;72 ::= MaybeAnnotations56·packageQualifiedIdentifier;, 0, 0, 0]
[ManyBlockStatement58 ::= ·, 24, 24, 24]
[ManyModifier93 ::= ·, 0, 0, 0]
[ManyModifier59 ::= ·, 4, 4, 4]
[ManyOPEN_BRACKETCLOSE_BRACKET90 ::= ·, 12, 12, 12]
[ManyModifier59 ::= ·, 25, 25, 25]
[Arguments ::= OPEN_PARENMaybeExpressionMany,Expression743·CLOSE_PAREN, 20, 21, 22]
[IdentifierSuffix ::= .·class, 18, 18, 19]
[Modifier ::= static·, 5, 5, 6]
[FormalParameters ::= OPEN_PARENMaybeFormalParameterDecls79·CLOSE_PAREN, 8, 9, 9]
[ManyModifier93 ::= ·, 1, 1, 1]
[NormalClassDeclaration ::= classIdentifierMaybeTypeParameters93MaybeextendsType41MaybeimplementsTypeList52·ClassBody, 1, 3, 3]
[LocalVariableDeclarationStatement ::= ManyVariableModifier18Type·VariableDeclarators;, 15, 15, 16]
[Expression1 ::= Expression2·MaybeExpression1Rest53, 15, 15, 20]
[MaybeIdentifierCOLON4 ::= ·, 15, 15, 15]
[IdentifierSuffix ::= .·class, 16, 16, 17]
[ManyImportDeclaration88 ::= ·, 0, 0, 0]
[ClassOrInterfaceDeclaration ::= ManyModifier65·ClassDeclaration, 15, 15, 15]
[CompilationUnit ::= MaybeMaybeAnnotations56packageQualifiedIdentifier;72·ManyImportDeclaration88ManyTypeDeclaration19, 0, 0, 0]
[MemberDecl ::= void·IdentifierVoidMethodDeclaratorRest, 6, 6, 7]
[ManyModifier65 ::= Modifier·ManyModifier65, 0, 0, 1]
[ClassOrInterfaceDeclaration ::= ManyModifier65·ClassDeclaration, 0, 0, 0]
[FormalParameterDecls ::= ManyVariableModifier69Type·FormalParameterDeclsRest, 9, 9, 10]
[CompilationUnit ::= MaybeMaybeAnnotations56packageQualifiedIdentifier;72ManyImportDeclaration88ManyTypeDeclaration19·, 0, 0, 0]
[Expression2Rest ::= ManyInfixOpExpression363·, 22, 22, 22]
[Modifier ::= public·, 4, 4, 5]
[IdentifierSuffix ::= .·ExplicitGenericInvocation, 16, 16, 17]
[VoidMethodDeclaratorRest ::= FormalParametersMaybethrowsQualifiedIdentifierList32BlockSemi·, 8, 14, 25]
[MaybeExpression2Rest63 ::= Expression2Rest·, 23, 23, 23]
[FormalParameterDeclsRest ::= VariableDeclaratorIdMaybe,FormalParameterDecls40·, 12, 13, 13]
[Identifier ::= IDENTIFIER·, 15, 15, 16]
[ManyOPEN_BRACKETCLOSE_BRACKET90 ::= OPEN_BRACKETCLOSE_BRACKETManyOPEN_BRACKETCLOSE_BRACKET90·, 10, 12, 12]
[Primary ::= IdentifierMany.Identifier13·MaybeIdentifierSuffix5, 15, 16, 18]
[MaybeTypeArguments5 ::= ·, 16, 16, 16]
[ManyOPEN_BRACKETCLOSE_BRACKET90 ::= ·, 10, 10, 10]
[IdentifierSuffix ::= Arguments·, 20, 20, 23]
[ClassBody ::= OPEN_BRACE·ManyClassBodyDeclaration43CLOSE_BRACE, 3, 3, 4]
[ManyModifier65 ::= ModifierManyModifier65·, 0, 1, 1]
[ManyModifier59 ::= Modifier·ManyModifier59, 5, 5, 6]
[Type ::= ReferenceTypeManyOPEN_BRACKETCLOSE_BRACKET90·, 9, 10, 10]
[MaybeAnnotations56 ::= ·, 0, 0, 0]
[Maybestatic0 ::= ·, 4, 4, 4]
[ClassBodyDeclaration ::= ManyModifier59·MemberDecl, 4, 4, 6]
[Many,Expression7 ::= ·, 22, 22, 22]
[ClassOrInterfaceDeclaration ::= ManyModifier93·InterfaceDeclaration, 0, 0, 0]
[ManyModifier65 ::= ·, 15, 15, 15]
[VoidMethodDeclaratorRest ::= FormalParametersMaybethrowsQualifiedIdentifierList32·BlockSemi, 8, 14, 14]
[ManyVariableModifier69 ::= ·, 9, 9, 9]
[StatementExpression ::= Expression·, 15, 15, 20]
[ClassBody ::= OPEN_BRACEManyClassBodyDeclaration43·CLOSE_BRACE, 3, 4, 4]
[Type ::= ReferenceTypeManyOPEN_BRACKETCLOSE_BRACKET90·, 15, 18, 18]
[ManyModifier93 ::= ·, 15, 15, 15]
[ManySelector89 ::= ·, 16, 16, 16]
[BlockStatement ::= MaybeIdentifierCOLON4Statement·, 15, 15, 24]
[ManyModifier93 ::= Modifier·ManyModifier93, 0, 0, 1]
[MaybeExpression2Rest63 ::= ·, 16, 16, 16]
[FormalParameters ::= OPEN_PARENMaybeFormalParameterDecls79CLOSE_PAREN·, 8, 13, 14]
[MaybeextendsType41 ::= ·, 3, 3, 3]
[Many.Identifier13 ::= ·, 20, 20, 20]
[Identifier ::= IDENTIFIER·, 7, 7, 8]
[ClassBodyDeclaration ::= ManyModifier59·MemberDecl, 4, 4, 4]
[ClassBodyDeclaration ::= Maybestatic0·Block, 25, 25, 25]
[Block ::= OPEN_BRACE·BlockStatementsCLOSE_BRACE, 14, 14, 15]
[ClassBodyDeclaration ::= Maybestatic0·Block, 4, 4, 4]
[Many.Identifier13 ::= ·, 18, 18, 18]
[MaybeArguments19 ::= ·, 18, 18, 18]
[Expression2 ::= Expression3MaybeExpression2Rest63·, 21, 22, 22]
[ManyModifier59 ::= ModifierManyModifier59·, 4, 5, 5]
[ManyModifier59 ::= ·, 5, 5, 5]
[ManyModifier59 ::= ·, 6, 6, 6]
[ManyModifier59 ::= ModifierManyModifier59·, 4, 5, 6]
[Type ::= ReferenceTypeManyOPEN_BRACKETCLOSE_BRACKET90·, 15, 20, 20]
[Expression ::= Expression1MaybeAssignmentOperatorExpression126·, 15, 18, 18]
[FormalParameters ::= OPEN_PAREN·MaybeFormalParameterDecls79CLOSE_PAREN, 8, 8, 9]
[MaybeArguments19 ::= ·, 20, 20, 20]
[ManyModifier65 ::= ·, 1, 1, 1]
[ManyInfixOpExpression363 ::= ·, 22, 22, 22]
[ManyOPEN_BRACKETCLOSE_BRACKET90 ::= ·, 18, 18, 18]
[Literal ::= StringLiteral·, 21, 21, 22]
[FormalParameterDecls ::= ManyVariableModifier69·TypeFormalParameterDeclsRest, 9, 9, 9]
[VoidMethodDeclaratorRest ::= FormalParameters·MaybethrowsQualifiedIdentifierList32BlockSemi, 8, 8, 14]
[MaybeExpression2Rest63 ::= ·, 18, 18, 18]
[ClassBodyDeclaration ::= ManyModifier59·MemberDecl, 4, 4, 5]
[MaybeExpression2Rest63 ::= ·, 20, 20, 20]
[ManyModifier65 ::= ·, 24, 24, 24]
[Many.IdentifierMaybeTypeArguments9257 ::= .Identifier·MaybeTypeArguments92Many.IdentifierMaybeTypeArguments9257, 18, 19, 20]
[Many.Identifier13 ::= .Identifier·Many.Identifier13, 16, 17, 18]
[Expression3 ::= PrimaryManySelector89ManyPostfixOp56·, 15, 16, 16]
[Expression3 ::= PrimaryManySelector89·ManyPostfixOp56, 15, 20, 20]
[Selector ::= .·this, 18, 18, 19]
[Many.IdentifierMaybeTypeArguments9257 ::= .IdentifierMaybeTypeArguments92·Many.IdentifierMaybeTypeArguments9257, 18, 20, 20]
[Expression3 ::= Primary·ManySelector89ManyPostfixOp56, 21, 21, 22]
[Many.Identifier13 ::= .·IdentifierMany.Identifier13, 18, 18, 19]
[ClassBodyDeclaration ::= ManyModifier59MemberDecl·, 4, 6, 25]
[Many.IdentifierMaybeTypeArguments9257 ::= ·, 20, 20, 20]
[IdentifierSuffix ::= .·newMaybeNonWildcardTypeArguments63InnerCreator, 16, 16, 17]
[IdentifierSuffix ::= .·superArguments, 18, 18, 19]
[ManyInfixOpExpression363 ::= ·, 16, 16, 16]
[MaybeIdentifierCOLON4 ::= Identifier·COLON, 15, 15, 16]
[Selector ::= .IdentifierMaybeArguments19·, 18, 20, 20]
[ManyPostfixOp56 ::= ·, 22, 22, 22]
[Primary ::= IdentifierMany.Identifier13MaybeIdentifierSuffix5·, 15, 16, 16]
[Primary ::= IdentifierMany.Identifier13MaybeIdentifierSuffix5·, 15, 20, 20]
[Expression3 ::= PrimaryManySelector89ManyPostfixOp56·, 21, 22, 22]
[MaybeIdentifierSuffix5 ::= ·, 16, 16, 16]
[ManyClassBodyDeclaration43 ::= ·, 4, 4, 4]
[MaybeIdentifierSuffix5 ::= ·, 18, 18, 18]
[Expression1 ::= Expression2·MaybeExpression1Rest53, 15, 15, 18]
[Expression3 ::= Primary·ManySelector89ManyPostfixOp56, 15, 15, 16]
[Selector ::= .·this, 16, 16, 17]
[Expression1 ::= Expression2MaybeExpression1Rest53·, 15, 18, 18]
[Primary ::= IdentifierMany.Identifier13MaybeIdentifierSuffix5·, 15, 18, 18]
[ReferenceType ::= IdentifierMaybeTypeArguments5Many.IdentifierMaybeTypeArguments9257·, 15, 16, 20]
[Selector ::= .·ExplicitGenericInvocation, 18, 18, 19]
[Statement ::= StatementExpression·;, 15, 15, 16]
[Many.Identifier13 ::= .Identifier·Many.Identifier13, 18, 19, 20]
[Many.Identifier13 ::= .IdentifierMany.Identifier13·, 18, 20, 20]
[Expression3 ::= PrimaryManySelector89·ManyPostfixOp56, 15, 16, 16]
[TypeDeclaration ::= ClassOrInterfaceDeclaration·, 0, 0, 26]
[Selector ::= .·superSuperSuffix, 16, 16, 17]
[Selector ::= .·newMaybeNonWildcardTypeArguments58InnerCreator, 16, 16, 17]
[Expression3 ::= Primary·ManySelector89ManyPostfixOp56, 15, 15, 18]
[MaybeAssignmentOperatorExpression126 ::= ·, 20, 20, 20]
[Selector ::= .·ExplicitGenericInvocation, 16, 16, 17]
[MaybeAssignmentOperatorExpression126 ::= ·, 20, 20, 20]
[IdentifierSuffix ::= .·this, 18, 18, 19]
[Type ::= ReferenceTypeManyOPEN_BRACKETCLOSE_BRACKET90·, 15, 16, 16]
[ManySelector89 ::= SelectorManySelector89·, 16, 18, 18]
[ClassOrInterfaceDeclaration ::= ManyModifier93·InterfaceDeclaration, 24, 24, 24]
[Expression ::= Expression1MaybeAssignmentOperatorExpression126·, 15, 23, 23]
[Many.IdentifierMaybeTypeArguments9257 ::= ·, 18, 18, 18]
[ManyBlockStatement58 ::= ·, 15, 15, 15]
[ReferenceType ::= IdentifierMaybeTypeArguments5·Many.IdentifierMaybeTypeArguments9257, 15, 16, 16]
[ManyPostfixOp56 ::= ·, 16, 16, 16]
[ManyOPEN_BRACKETCLOSE_BRACKET90 ::= ·, 20, 20, 20]
[ManyModifier93 ::= ·, 26, 26, 26]
[ManyModifier93 ::= ·, 24, 24, 24]
[Expression2 ::= Expression3MaybeExpression2Rest63·, 15, 16, 16]
[START ::= CompilationUnit·, 0, 0, 26]
[Maybestatic0 ::= ·, 25, 25, 25]
[Selector ::= .Identifier·MaybeArguments19, 16, 17, 18]
[Expression3 ::= PrimaryManySelector89·ManyPostfixOp56, 15, 18, 18]
[ManySelector89 ::= ·, 18, 18, 18]
[LocalVariableDeclarationStatement ::= ManyVariableModifier18Type·VariableDeclarators;, 15, 15, 20]
[Selector ::= .·superSuperSuffix, 18, 18, 19]
[Expression3 ::= PrimaryManySelector89·ManyPostfixOp56, 21, 22, 22]
[MaybethrowsQualifiedIdentifierList32 ::= ·, 14, 14, 14]
[Selector ::= .·newMaybeNonWildcardTypeArguments58InnerCreator, 18, 18, 19]
[Expression1 ::= Expression2·MaybeExpression1Rest53, 15, 15, 16]
[Type ::= ReferenceType·ManyOPEN_BRACKETCLOSE_BRACKET90, 15, 15, 20]
[Arguments ::= OPEN_PARENMaybeExpressionMany,Expression743·CLOSE_PAREN, 20, 21, 21]
[MaybeExpressionMany,Expression743 ::= ·, 21, 21, 21]
[MaybeFormalParameterDecls79 ::= ·, 9, 9, 9]
[Selector ::= .·IdentifierMaybeArguments19, 18, 18, 19]
[MaybeIdentifierSuffix5 ::= ·, 20, 20, 20]
[Expression3 ::= Primary·ManySelector89ManyPostfixOp56, 15, 15, 20]
[ManyPostfixOp56 ::= ·, 20, 20, 20]
[Selector ::= .Identifier·MaybeArguments19, 18, 19, 20]
[NormalClassDeclaration ::= classIdentifierMaybeTypeParameters93MaybeextendsType41MaybeimplementsTypeList52ClassBody·, 1, 3, 26]
[ManyOPEN_BRACKETCLOSE_BRACKET90 ::= ·, 16, 16, 16]
[Selector ::= .IdentifierMaybeArguments19·, 16, 18, 18]
[CompilationUnit ::= MaybeMaybeAnnotations56packageQualifiedIdentifier;72ManyImportDeclaration88·ManyTypeDeclaration19, 0, 0, 0]
[Expression3 ::= PrimaryManySelector89ManyPostfixOp56·, 15, 18, 18]
[ManySelector89 ::= Selector·ManySelector89, 16, 16, 18]
[Expression1 ::= Expression2MaybeExpression1Rest53·, 15, 16, 16]
[FormalParameters ::= OPEN_PARENMaybeFormalParameterDecls79·CLOSE_PAREN, 8, 9, 13]
[MaybeExpression1Rest53 ::= ·, 16, 16, 16]
[Expression2Rest ::= ManyInfixOpExpression363·, 16, 16, 16]
[Expression ::= Expression1·MaybeAssignmentOperatorExpression126, 15, 15, 16]
[Expression2 ::= Expression3MaybeExpression2Rest63·, 15, 18, 18]
[FormalParameterDecls ::= ManyVariableModifier69TypeFormalParameterDeclsRest·, 9, 12, 13]
[Expression3 ::= PrimaryManySelector89ManyPostfixOp56·, 15, 20, 20]
[BlockStatements ::= ManyBlockStatement58·, 15, 15, 15]
[ManyOPEN_BRACKETCLOSE_BRACKET90 ::= OPEN_BRACKETCLOSE_BRACKET·ManyOPEN_BRACKETCLOSE_BRACKET90, 10, 11, 12]
[ManySelector89 ::= Selector·ManySelector89, 18, 18, 20]
[Expression2 ::= Expression3·MaybeExpression2Rest63, 15, 15, 20]
[Expression ::= Expression1MaybeAssignmentOperatorExpression126·, 15, 16, 16]
[MaybeAssignmentOperatorExpression126 ::= ·, 16, 16, 16]
[ManySelector89 ::= SelectorManySelector89·, 18, 20, 20]
[Expression ::= Expression1·MaybeAssignmentOperatorExpression126, 15, 15, 20]
[ManyInfixOpExpression363 ::= ·, 18, 18, 18]
[Expression2 ::= Expression3MaybeExpression2Rest63·, 15, 20, 20]
[ManyClassBodyDeclaration43 ::= ·, 25, 25, 25]
[Expression3 ::= PrimaryManySelector89·ManyPostfixOp56, 15, 16, 18]
[MaybeExpression2Rest63 ::= Expression2Rest·, 18, 18, 18]
[StatementExpression ::= Expression·, 15, 15, 16]
[NormalClassDeclaration ::= classIdentifier·MaybeTypeParameters93MaybeextendsType41MaybeimplementsTypeList52ClassBody, 1, 2, 3]
[ManySelector89 ::= ·, 20, 20, 20]
[Expression2Rest ::= ManyInfixOpExpression363·, 20, 20, 20]
[IdentifierSuffix ::= .·superArguments, 16, 16, 17]
[ManyInfixOpExpression363 ::= ·, 20, 20, 20]
[MaybeExpression1Rest53 ::= ·, 20, 20, 20]
[MaybeExpression2Rest63 ::= Expression2Rest·, 20, 20, 20]
[ManyPostfixOp56 ::= ·, 18, 18, 18]
[MaybeExpression2Rest63 ::= ·, 22, 22, 22]
[Expression3 ::= Primary·ManySelector89ManyPostfixOp56, 15, 15, 23]
[MaybeExpression1Rest53 ::= ·, 18, 18, 18]
[MaybeTypeArguments5 ::= ·, 10, 10, 10]
[Expression2 ::= Expression3·MaybeExpression2Rest63, 21, 21, 22]
[Many.IdentifierMaybeTypeArguments9257 ::= .IdentifierMaybeTypeArguments92Many.IdentifierMaybeTypeArguments9257·, 18, 20, 20]
[ManyModifier93 ::= ModifierManyModifier93·, 0, 1, 1]
[Expression1 ::= Expression2MaybeExpression1Rest53·, 15, 20, 20]
[MaybeAssignmentOperatorExpression126 ::= ·, 18, 18, 18]
[Expression ::= Expression1MaybeAssignmentOperatorExpression126·, 15, 20, 20]
[StatementExpression ::= Expression·, 15, 15, 18]
[Expression ::= Expression1MaybeAssignmentOperatorExpression126·, 15, 20, 20]
[Statement ::= StatementExpression·;, 15, 15, 18]